16:07:10:176  Info  TCP连接成功 IP:192.168.250.65
16:07:10:846  Info  成功发送指令mot.getRobTypeName(0):"HC403"
16:07:10:867  Info  成功发送指令var.setR(0,100):
16:07:10:879  Info  成功发送指令var.getR(0):100.0
16:07:10:906  Info  成功发送指令var.setJR(0,0,\"{{0,-90,180,0,90,0}}\"):
16:07:10:923  Info  成功发送指令var.getJR(0,0):"{{0.0,-90.0,180.0,0.0,90.0,0.0,0.0,0.0,0.0}}"
16:07:11:033  Info  成功发送指令mot.setTool(0,0,\"{{0,-90,180,0,90,0}}\"):null
16:07:11:110  Info  成功发送指令mot.getTool(0,0):"{0.0000000,0.0000000,0.0000000,0.0000000,0.0000000,0.0000000,}"
16:07:11:141  Info  成功发送指令mot.getJntData(0):"{26.6118672,98.1323756,-13.9897001,-179.6573811,0.0000000,0.0000000,0.0000000,0.0000000,0.0000000,}"
16:07:42:343  Info  TCP连接成功 IP:192.168.250.65
16:07:42:591  Info  成功发送指令mot.getRobTypeName(0):"HC403"
16:07:42:599  Info  成功发送指令var.setR(0,100):
16:07:42:614  Info  成功发送指令var.getR(0):100.0
16:07:42:628  Info  成功发送指令var.setJR(0,0,\"{{0,-90,180,0,90,0}}\"):
16:07:42:661  Info  成功发送指令var.getJR(0,0):"{{0.0,-90.0,180.0,0.0,90.0,0.0,0.0,0.0,0.0}}"
16:07:42:767  Info  成功发送指令mot.setTool(0,0,\"{{0,-90,180,0,90,0}}\"):null
16:07:42:775  Info  成功发送指令mot.getTool(0,0):"{0.0000000,0.0000000,0.0000000,0.0000000,0.0000000,0.0000000,}"
16:07:42:785  Info  成功发送指令mot.getJntData(0):"{26.6118672,98.1323766,-13.9896941,-179.6573946,0.0000000,0.0000000,0.0000000,0.0000000,0.0000000,}"
16:07:42:791  Info  TCP断开连接成功
16:07:42:793  Error  一个封锁操作被对 WSACancelBlockingCall 的调用中断。
16:07:43:314  Error  TCP断开连接失败
16:08:20:862  Info  TCP连接成功 IP:192.168.250.65
16:08:21:198  Info  成功发送指令mot.getRobTypeName(0):"HC403"
16:08:21:211  Info  成功发送指令var.setR(0,100):
16:08:21:220  Info  成功发送指令var.getR(0):100.0
16:08:21:242  Info  成功发送指令var.setJR(0,0,\"{{0,-90,180,0,90,0}}\"):
16:08:21:252  Info  成功发送指令var.getJR(0,0):"{{0.0,-90.0,180.0,0.0,90.0,0.0,0.0,0.0,0.0}}"
16:08:21:366  Info  成功发送指令mot.setTool(0,0,\"{{0,-90,180,0,90,0}}\"):null
16:08:21:375  Info  成功发送指令mot.getTool(0,0):"{0.0000000,0.0000000,0.0000000,0.0000000,0.0000000,0.0000000,}"
16:08:21:386  Info  成功发送指令mot.getJntData(0):"{26.6118672,98.1323745,-13.9896929,-179.6573996,0.0000000,0.0000000,0.0000000,0.0000000,0.0000000,}"
16:08:21:392  Info  TCP断开连接成功
16:08:26:549  Error  TCP断开连接失败
16:14:16:331  Info  TCP连接成功 IP:192.168.250.65
16:14:16:643  Info  成功发送指令mot.getRobTypeName(0):"HC403"
16:14:16:674  Info  成功发送指令mot.setGpEn(0,true):
16:14:16:679  Info  TCP断开连接成功
16:25:31:102  Info  TCP连接成功 IP:192.168.250.65
16:25:31:522  Info  成功发送指令mot.getRobTypeName(0):"HC403"
16:25:31:551  Info  成功发送指令mot.setGpEn(0,true):
16:25:31:688  Info  成功发送指令mot.setOpMode(1):
16:25:31:727  Info  成功发送指令mot.setJogVord(10):
16:25:31:827  Info  成功发送指令mot.setInchLen(10):
16:25:31:853  Info  成功发送指令mot.startJog(0,0,0):
16:25:31:865  Info  TCP断开连接成功
16:25:31:874  Error  一个封锁操作被对 WSACancelBlockingCall 的调用中断。
16:26:00:801  Info  TCP连接成功 IP:192.168.250.65
16:26:00:941  Info  成功发送指令mot.getRobTypeName(0):"HC403"
16:26:00:963  Info  成功发送指令mot.setGpEn(0,true):
16:26:01:331  Info  成功发送指令mot.setOpMode(1):
16:26:01:382  Info  成功发送指令mot.setJogVord(10):
16:26:01:410  Info  成功发送指令mot.setInchLen(10):
16:26:01:438  Info  成功发送指令mot.startJog(0,0,1):
16:26:01:443  Info  TCP断开连接成功
16:26:01:450  Error  一个封锁操作被对 WSACancelBlockingCall 的调用中断。
18:19:56:659  Info  TCP连接成功 IP:192.168.250.65
18:19:57:255  Info  成功发送指令mot.getRobTypeName(0):"HC403"
18:20:13:214  Info  TCP连接成功 IP:192.168.250.65
18:20:13:358  Info  成功发送指令mot.getRobTypeName(0):"HC403"
18:20:13:371  Info  成功发送指令mot.setGpEn(0,true):
18:20:13:462  Info  成功发送指令mot.setOpMode(1):
18:20:13:475  Info  成功发送指令mot.setJogVord(10):
18:20:13:484  Info  成功发送指令mot.setInchLen(10):
18:20:13:494  Info  成功发送指令mot.startJog(0,0,1):
18:20:13:498  Info  TCP断开连接成功
18:20:13:506  Error  一个封锁操作被对 WSACancelBlockingCall 的调用中断。
18:20:27:972  Info  TCP连接成功 IP:192.168.250.65
18:20:28:103  Info  成功发送指令mot.getRobTypeName(0):"HC403"
18:20:28:120  Info  成功发送指令mot.setGpEn(0,true):
18:20:28:256  Info  成功发送指令mot.setOpMode(1):
18:20:28:265  Info  成功发送指令mot.setJogVord(10):
18:20:28:284  Info  成功发送指令mot.setInchLen(10):
18:20:28:302  Info  成功发送指令mot.startJog(0,0,1):
18:20:28:306  Info  TCP断开连接成功
18:20:28:308  Error  一个封锁操作被对 WSACancelBlockingCall 的调用中断。
18:20:44:514  Info  TCP连接成功 IP:192.168.250.65
18:20:44:686  Info  成功发送指令mot.getRobTypeName(0):"HC403"
18:20:44:708  Info  成功发送指令mot.setGpEn(0,true):
18:20:44:872  Info  成功发送指令mot.setOpMode(1):
18:20:44:884  Info  成功发送指令mot.setJogVord(10):
18:20:44:896  Info  成功发送指令mot.setInchLen(10):
18:20:44:920  Info  成功发送指令mot.startJog(0,0,1):
18:20:44:929  Info  TCP断开连接成功
18:20:44:932  Error  一个封锁操作被对 WSACancelBlockingCall 的调用中断。
18:20:48:418  Error  TCP断开连接失败
18:21:25:084  Info  TCP连接成功 IP:192.168.250.65
18:21:25:225  Info  成功发送指令mot.getRobTypeName(0):"HC403"
18:21:25:235  Info  成功发送指令mot.setGpEn(0,true):
18:21:25:370  Info  成功发送指令mot.setOpMode(1):
18:21:25:380  Info  成功发送指令mot.setJogVord(10):
18:21:25:401  Info  成功发送指令mot.setInchLen(10):
18:21:25:421  Info  成功发送指令mot.startJog(0,0,1):
18:21:25:427  Info  TCP断开连接成功
18:21:25:435  Error  一个封锁操作被对 WSACancelBlockingCall 的调用中断。
18:21:54:345  Info  TCP连接成功 IP:192.168.250.65
18:21:54:603  Info  成功发送指令mot.getRobTypeName(0):"HC403"
18:21:54:618  Info  成功发送指令mot.setGpEn(0,true):
18:21:54:981  Info  成功发送指令mot.setOpMode(1):
18:21:55:022  Info  成功发送指令mot.setJogVord(20):
18:21:55:075  Info  成功发送指令mot.setInchLen(10):
18:21:55:131  Info  成功发送指令mot.startJog(0,0,1):
18:21:55:135  Info  TCP断开连接成功
18:21:55:141  Error  一个封锁操作被对 WSACancelBlockingCall 的调用中断。
18:22:23:825  Info  TCP连接成功 IP:192.168.250.65
18:22:24:030  Info  成功发送指令mot.getRobTypeName(0):"HC403"
18:22:24:083  Info  成功发送指令mot.setGpEn(0,true):
18:22:24:411  Info  成功发送指令mot.setOpMode(1):
18:22:24:442  Info  成功发送指令mot.setJogVord(20):
18:22:24:467  Info  成功发送指令mot.setInchLen(10):
18:22:24:490  Info  成功发送指令mot.startJog(0,0,0):
18:22:24:494  Info  TCP断开连接成功
18:22:24:499  Error  一个封锁操作被对 WSACancelBlockingCall 的调用中断。
18:22:47:818  Info  TCP连接成功 IP:192.168.250.65
18:22:48:056  Info  成功发送指令mot.getRobTypeName(0):"HC403"
18:22:48:090  Info  成功发送指令mot.setGpEn(0,true):
18:22:48:376  Info  成功发送指令mot.setOpMode(1):
18:22:48:424  Info  成功发送指令mot.setJogVord(20):
18:22:48:445  Info  成功发送指令mot.setInchLen(10):
18:22:48:475  Info  成功发送指令mot.startJog(0,1,0):
18:22:48:484  Error  一个封锁操作被对 WSACancelBlockingCall 的调用中断。
18:22:48:489  Info  TCP断开连接成功
18:23:00:720  Info  TCP连接成功 IP:192.168.250.65
18:23:00:976  Info  成功发送指令mot.getRobTypeName(0):"HC403"
18:23:00:999  Info  成功发送指令mot.setGpEn(0,true):
18:23:01:276  Info  成功发送指令mot.setOpMode(1):
18:23:01:314  Info  成功发送指令mot.setJogVord(20):
18:23:01:371  Info  成功发送指令mot.setInchLen(10):
18:23:01:422  Info  成功发送指令mot.startJog(0,2,0):
18:23:01:428  Info  TCP断开连接成功
18:24:59:616  Info  TCP连接成功 IP:192.168.250.65
18:24:59:929  Info  成功发送指令mot.getRobTypeName(0):"HC403"
18:24:59:983  Info  成功发送指令mot.setGpEn(0,true):
18:25:00:212  Info  成功发送指令mot.setOpMode(1):
18:25:00:222  Info  成功发送指令mot.setJogVord(20):
18:25:00:238  Info  成功发送指令mot.setInchLen(10):
18:25:00:251  Info  成功发送指令mot.startJog(0,3,0):
18:25:00:255  Info  TCP断开连接成功
18:25:00:260  Error  一个封锁操作被对 WSACancelBlockingCall 的调用中断。
18:25:10:685  Info  TCP连接成功 IP:192.168.250.65
18:25:10:821  Info  成功发送指令mot.getRobTypeName(0):"HC403"
18:25:10:832  Info  成功发送指令mot.setGpEn(0,true):
18:25:10:986  Info  成功发送指令mot.setOpMode(1):
18:25:10:999  Info  成功发送指令mot.setJogVord(20):
18:25:11:009  Info  成功发送指令mot.setInchLen(10):
18:25:11:020  Info  成功发送指令mot.startJog(0,3,0):
18:25:11:024  Info  TCP断开连接成功
18:25:11:027  Error  一个封锁操作被对 WSACancelBlockingCall 的调用中断。
18:25:25:054  Info  TCP连接成功 IP:192.168.250.65
18:25:25:207  Info  成功发送指令mot.getRobTypeName(0):"HC403"
18:25:25:237  Info  成功发送指令mot.setGpEn(0,true):
18:25:25:376  Info  成功发送指令mot.setOpMode(1):
18:25:25:392  Info  成功发送指令mot.setJogVord(20):
18:25:25:418  Info  成功发送指令mot.setInchLen(10):
18:25:25:444  Info  成功发送指令mot.startJog(0,3,0):
18:25:25:449  Info  TCP断开连接成功
18:25:25:456  Error  一个封锁操作被对 WSACancelBlockingCall 的调用中断。
18:35:33:489  Info  TCP连接成功 IP:192.168.250.65
18:35:33:590  Info  成功发送指令mot.getRobTypeName(0):"HC403"
18:35:33:612  Info  成功发送指令mot.setGpEn(0,true):
18:35:33:847  Info  成功发送指令mot.setOpMode(1):
18:35:33:877  Info  成功发送指令mot.setJogVord(20):
18:35:33:910  Info  成功发送指令mot.setInchLen(10):
18:35:33:919  Info  成功发送指令mot.startJog(0,3,0):
18:35:33:923  Info  TCP断开连接成功
18:36:08:047  Info  TCP连接成功 IP:192.168.250.65
18:36:08:291  Info  成功发送指令mot.getRobTypeName(0):"HC403"
18:36:08:319  Info  成功发送指令mot.setGpEn(0,true):
18:36:08:612  Info  成功发送指令mot.setOpMode(1):
18:36:08:648  Info  成功发送指令mot.setJogVord(20):
18:36:08:678  Info  成功发送指令mot.setInchLen(10):
18:36:08:712  Info  成功发送指令mot.startJog(0,0,0):
18:36:08:716  Info  TCP断开连接成功
18:36:08:718  Error  一个封锁操作被对 WSACancelBlockingCall 的调用中断。
18:44:56:238  Info  TCP连接成功 IP:192.168.250.65
18:44:56:550  Info  成功发送指令mot.getRobTypeName(0):"HC403"
18:44:56:563  Info  成功发送指令mot.setGpEn(0,true):
18:44:56:683  Info  成功发送指令mot.setOpMode(1):
18:44:56:701  Info  成功发送指令mot.setJogVord(20):
18:44:56:724  Info  成功发送指令mot.setInchLen(10):
18:44:56:737  Info  成功发送指令mot.startJog(0,0,0):
18:44:56:748  Info  TCP断开连接成功
18:44:56:758  Error  一个封锁操作被对 WSACancelBlockingCall 的调用中断。
20:02:13:127  Info  TCP连接成功 IP:192.168.250.65
20:02:13:399  Info  成功发送指令mot.getRobTypeName(0):"HC403"
20:02:13:659  Info  成功发送指令mot.setEstop(true):
20:02:13:663  Info  TCP断开连接成功
20:02:13:667  Error  一个封锁操作被对 WSACancelBlockingCall 的调用中断。
20:02:33:353  Info  TCP连接成功 IP:192.168.250.65
20:02:33:582  Info  成功发送指令mot.getRobTypeName(0):"HC403"
20:02:33:600  Info  成功发送指令mot.setEstop(true):
20:02:33:604  Info  TCP断开连接成功
20:02:33:607  Error  一个封锁操作被对 WSACancelBlockingCall 的调用中断。
20:03:05:981  Info  TCP连接成功 IP:192.168.250.65
20:03:06:269  Info  成功发送指令mot.getRobTypeName(0):"HC403"
20:03:06:285  Info  成功发送指令mot.setEstop(true):
20:03:06:289  Info  TCP断开连接成功
20:03:06:294  Error  一个封锁操作被对 WSACancelBlockingCall 的调用中断。
20:05:26:256  Info  TCP连接成功 IP:192.168.250.65
20:05:26:560  Info  成功发送指令mot.getRobTypeName(0):"HC403"
20:05:26:571  Info  成功发送指令mot.setGpEn(0,true):
20:05:26:690  Info  成功发送指令mot.setOpMode(1):null
20:05:26:726  Info  成功发送指令mot.setJogVord(20):
20:05:26:939  Info  成功发送指令mot.setInchLen(10):
20:05:27:057  Info  成功发送指令mot.startJog(0,0,0):null
20:05:29:084  Info  成功发送指令mot.setEstop(true):
20:05:29:089  Info  TCP断开连接成功
20:05:29:093  Error  一个封锁操作被对 WSACancelBlockingCall 的调用中断。
20:06:49:327  Info  TCP连接成功 IP:192.168.250.65
20:06:49:788  Info  成功发送指令mot.getRobTypeName(0):"HC403"
20:06:49:798  Info  成功发送指令mot.setGpEn(0,true):
20:06:49:926  Info  成功发送指令mot.setOpMode(1):
20:06:49:959  Info  成功发送指令mot.setJogVord(20):
20:06:49:989  Info  成功发送指令mot.setInchLen(10):
20:06:50:031  Info  成功发送指令mot.startJog(0,0,0):
20:06:50:055  Info  成功发送指令mot.setEstop(true):
20:06:50:066  Error  一个封锁操作被对 WSACancelBlockingCall 的调用中断。
20:06:50:063  Info  TCP断开连接成功
20:07:11:965  Info  TCP连接成功 IP:192.168.250.65
20:07:12:189  Info  成功发送指令mot.getRobTypeName(0):"HC403"
20:07:12:222  Info  成功发送指令mot.setGpEn(0,true):
20:07:12:452  Info  成功发送指令mot.setOpMode(1):
20:07:12:466  Info  成功发送指令mot.setJogVord(20):
20:07:12:486  Info  成功发送指令mot.setInchLen(10):
20:07:12:508  Info  成功发送指令mot.startJog(0,0,0):
20:07:12:545  Info  成功发送指令mot.setEstop(true):
20:07:12:549  Info  TCP断开连接成功
20:07:12:552  Error  一个封锁操作被对 WSACancelBlockingCall 的调用中断。
20:07:29:352  Info  TCP连接成功 IP:192.168.250.65
20:07:29:624  Info  成功发送指令mot.getRobTypeName(0):"HC403"
20:07:29:654  Info  成功发送指令mot.setGpEn(0,true):
20:07:29:829  Info  成功发送指令mot.setOpMode(1):
20:07:29:856  Info  成功发送指令mot.setJogVord(20):
20:07:29:870  Info  成功发送指令mot.setInchLen(10):
20:07:29:882  Info  成功发送指令mot.startJog(0,0,0):
20:07:29:901  Info  成功发送指令mot.setEstop(true):
20:07:29:905  Info  TCP断开连接成功
20:07:29:913  Error  一个封锁操作被对 WSACancelBlockingCall 的调用中断。
20:08:50:253  Info  TCP连接成功 IP:192.168.250.65
20:08:50:519  Info  成功发送指令mot.getRobTypeName(0):"HC403"
20:08:50:548  Info  成功发送指令mot.setGpEn(0,true):
20:08:50:704  Info  成功发送指令mot.setOpMode(1):
20:08:50:742  Info  成功发送指令mot.setJogVord(20):
20:08:50:778  Info  成功发送指令mot.setInchLen(10):
20:08:50:792  Info  成功发送指令mot.startJog(0,0,0):
20:08:50:811  Info  成功发送指令mot.startJog(0,0,0):
20:08:50:823  Info  成功发送指令mot.startJog(0,0,0):
20:08:50:851  Info  成功发送指令mot.startJog(0,0,0):
20:08:50:865  Info  成功发送指令mot.startJog(0,0,0):
20:08:50:884  Info  成功发送指令mot.startJog(0,0,0):
20:08:50:930  Info  成功发送指令mot.startJog(0,0,0):
20:08:50:951  Info  成功发送指令mot.startJog(0,0,0):
20:08:50:971  Info  成功发送指令mot.startJog(0,0,0):
20:08:50:984  Info  成功发送指令mot.startJog(0,0,0):
20:08:51:000  Info  成功发送指令mot.startJog(0,0,0):
20:08:51:024  Info  成功发送指令mot.startJog(0,0,0):
20:08:51:043  Info  成功发送指令mot.startJog(0,0,0):
20:08:51:064  Info  成功发送指令mot.startJog(0,0,0):
20:08:51:089  Info  成功发送指令mot.startJog(0,0,0):
20:08:51:105  Info  成功发送指令mot.startJog(0,0,0):
20:08:51:148  Info  成功发送指令mot.startJog(0,0,0):
20:08:51:174  Info  成功发送指令mot.startJog(0,0,0):
20:08:51:191  Info  成功发送指令mot.startJog(0,0,0):
20:08:51:220  Info  成功发送指令mot.startJog(0,0,0):
20:08:51:240  Info  成功发送指令mot.setEstop(true):
20:08:51:245  Info  TCP断开连接成功
20:08:51:254  Error  一个封锁操作被对 WSACancelBlockingCall 的调用中断。
20:09:33:872  Info  TCP连接成功 IP:192.168.250.65
20:09:34:084  Info  成功发送指令mot.getRobTypeName(0):"HC403"
20:09:34:200  Info  成功发送指令mot.setGpEn(0,true):
20:09:34:394  Info  成功发送指令mot.setOpMode(1):
20:09:34:453  Info  成功发送指令mot.setJogVord(20):
20:09:34:482  Info  成功发送指令mot.setInchLen(10):
20:09:34:502  Info  成功发送指令mot.startJog(0,0,0):
20:09:34:555  Info  成功发送指令mot.startJog(0,0,0):
20:09:34:596  Info  成功发送指令mot.startJog(0,0,0):
20:09:34:616  Info  成功发送指令mot.startJog(0,0,0):
20:09:34:630  Info  成功发送指令mot.startJog(0,0,0):
20:09:34:649  Info  成功发送指令mot.startJog(0,0,0):
20:09:34:676  Info  成功发送指令mot.startJog(0,0,0):
20:09:34:702  Info  成功发送指令mot.startJog(0,0,0):
20:09:34:716  Info  成功发送指令mot.startJog(0,0,0):
20:09:34:734  Info  成功发送指令mot.startJog(0,0,0):
20:09:34:749  Info  成功发送指令mot.startJog(0,0,0):
20:09:34:760  Info  成功发送指令mot.startJog(0,0,0):
20:09:34:772  Info  成功发送指令mot.startJog(0,0,0):
20:09:34:806  Info  成功发送指令mot.startJog(0,0,0):
20:09:34:831  Info  成功发送指令mot.startJog(0,0,0):
20:09:34:862  Info  成功发送指令mot.startJog(0,0,0):
20:09:34:887  Info  成功发送指令mot.startJog(0,0,0):
20:09:34:941  Info  成功发送指令mot.startJog(0,0,0):
20:09:34:964  Info  成功发送指令mot.startJog(0,0,0):
20:09:35:009  Info  成功发送指令mot.startJog(0,0,0):
20:09:35:032  Info  成功发送指令mot.startJog(0,0,0):
20:09:35:058  Info  成功发送指令mot.startJog(0,0,0):
20:09:35:073  Info  成功发送指令mot.startJog(0,0,0):
20:09:35:090  Info  成功发送指令mot.startJog(0,0,0):
20:09:35:116  Info  成功发送指令mot.startJog(0,0,0):
20:09:35:130  Info  成功发送指令mot.startJog(0,0,0):
20:09:35:149  Info  成功发送指令mot.startJog(0,0,0):
20:09:35:183  Info  成功发送指令mot.startJog(0,0,0):
20:09:35:211  Info  成功发送指令mot.startJog(0,0,0):
20:09:35:220  Info  成功发送指令mot.startJog(0,0,0):
20:09:35:241  Info  成功发送指令mot.startJog(0,0,0):
20:09:35:269  Info  成功发送指令mot.startJog(0,0,0):
20:09:35:281  Info  成功发送指令mot.startJog(0,0,0):
20:09:35:295  Info  成功发送指令mot.startJog(0,0,0):
20:09:35:319  Info  成功发送指令mot.startJog(0,0,0):
20:09:35:350  Info  成功发送指令mot.startJog(0,0,0):
20:09:35:364  Info  成功发送指令mot.startJog(0,0,0):
20:09:35:376  Info  成功发送指令mot.startJog(0,0,0):
20:09:35:395  Info  成功发送指令mot.startJog(0,0,0):
20:09:35:411  Info  成功发送指令mot.startJog(0,0,0):
20:09:35:420  Info  成功发送指令mot.startJog(0,0,0):
20:09:35:431  Info  成功发送指令mot.startJog(0,0,0):
20:09:35:444  Info  成功发送指令mot.startJog(0,0,0):
20:09:35:474  Info  成功发送指令mot.startJog(0,0,0):
20:09:35:499  Info  成功发送指令mot.startJog(0,0,0):
20:09:35:511  Info  成功发送指令mot.startJog(0,0,0):
20:09:35:522  Info  成功发送指令mot.startJog(0,0,0):
20:09:35:536  Info  成功发送指令mot.startJog(0,0,0):
20:09:35:546  Info  成功发送指令mot.startJog(0,0,0):
20:09:35:555  Info  成功发送指令mot.startJog(0,0,0):
20:09:35:565  Info  成功发送指令mot.startJog(0,0,0):
20:09:35:579  Info  成功发送指令mot.startJog(0,0,0):
20:09:35:620  Info  成功发送指令mot.startJog(0,0,0):
20:09:35:633  Info  成功发送指令mot.startJog(0,0,0):
20:09:35:649  Info  成功发送指令mot.startJog(0,0,0):
20:09:35:704  Info  成功发送指令mot.startJog(0,0,0):
20:09:35:729  Info  成功发送指令mot.startJog(0,0,0):
20:09:35:777  Info  成功发送指令mot.startJog(0,0,0):
20:09:35:813  Info  成功发送指令mot.startJog(0,0,0):
20:09:35:837  Info  成功发送指令mot.startJog(0,0,0):
20:09:35:853  Info  成功发送指令mot.startJog(0,0,0):
20:09:35:870  Info  成功发送指令mot.startJog(0,0,0):
20:09:35:914  Info  成功发送指令mot.startJog(0,0,0):
20:09:35:965  Info  成功发送指令mot.startJog(0,0,0):
20:09:35:993  Info  成功发送指令mot.startJog(0,0,0):
20:09:36:005  Info  成功发送指令mot.startJog(0,0,0):
20:09:36:018  Info  成功发送指令mot.startJog(0,0,0):
20:09:36:028  Info  成功发送指令mot.startJog(0,0,0):
20:09:36:039  Info  成功发送指令mot.startJog(0,0,0):
20:09:36:052  Info  成功发送指令mot.startJog(0,0,0):
20:09:36:090  Info  成功发送指令mot.startJog(0,0,0):
20:09:36:105  Info  成功发送指令mot.startJog(0,0,0):
20:09:36:124  Info  成功发送指令mot.startJog(0,0,0):
20:09:36:142  Info  成功发送指令mot.startJog(0,0,0):
20:09:36:152  Info  成功发送指令mot.startJog(0,0,0):
20:09:36:163  Info  成功发送指令mot.startJog(0,0,0):
20:09:36:173  Info  成功发送指令mot.startJog(0,0,0):
20:09:36:215  Info  成功发送指令mot.startJog(0,0,0):
20:09:36:248  Info  成功发送指令mot.startJog(0,0,0):
20:09:36:267  Info  成功发送指令mot.startJog(0,0,0):
20:09:36:284  Info  成功发送指令mot.startJog(0,0,0):
20:09:36:303  Info  成功发送指令mot.startJog(0,0,0):
20:09:36:350  Info  成功发送指令mot.startJog(0,0,0):
20:09:36:392  Info  成功发送指令mot.startJog(0,0,0):
20:09:36:411  Info  成功发送指令mot.startJog(0,0,0):
20:09:36:475  Info  成功发送指令mot.startJog(0,0,0):
20:09:36:505  Info  成功发送指令mot.startJog(0,0,0):
20:09:36:527  Info  成功发送指令mot.startJog(0,0,0):
20:09:36:549  Info  成功发送指令mot.startJog(0,0,0):
20:09:36:558  Info  成功发送指令mot.startJog(0,0,0):
20:09:36:576  Info  成功发送指令mot.startJog(0,0,0):
20:09:36:592  Info  成功发送指令mot.startJog(0,0,0):
20:09:36:600  Info  成功发送指令mot.startJog(0,0,0):
20:09:36:613  Info  成功发送指令mot.startJog(0,0,0):
20:09:36:630  Info  成功发送指令mot.startJog(0,0,0):
20:09:36:644  Info  成功发送指令mot.startJog(0,0,0):
20:09:36:653  Info  成功发送指令mot.startJog(0,0,0):
20:09:36:676  Info  成功发送指令mot.startJog(0,0,0):
20:09:36:692  Info  成功发送指令mot.startJog(0,0,0):
20:09:36:705  Info  成功发送指令mot.startJog(0,0,0):
20:09:36:714  Info  成功发送指令mot.startJog(0,0,0):
20:09:36:740  Info  成功发送指令mot.startJog(0,0,0):
20:09:36:752  Info  成功发送指令mot.startJog(0,0,0):
20:09:36:771  Info  成功发送指令mot.startJog(0,0,0):
20:09:36:783  Info  成功发送指令mot.startJog(0,0,0):
20:09:36:797  Info  成功发送指令mot.startJog(0,0,0):
20:09:36:817  Info  成功发送指令mot.startJog(0,0,0):
20:09:36:833  Info  成功发送指令mot.startJog(0,0,0):
20:09:36:848  Info  成功发送指令mot.startJog(0,0,0):
20:09:36:858  Info  成功发送指令mot.startJog(0,0,0):
20:09:36:867  Info  成功发送指令mot.startJog(0,0,0):
20:09:36:883  Info  成功发送指令mot.startJog(0,0,0):
20:09:36:894  Info  成功发送指令mot.startJog(0,0,0):
20:09:36:942  Info  成功发送指令mot.startJog(0,0,0):
20:09:36:976  Info  成功发送指令mot.startJog(0,0,0):
20:09:37:012  Info  成功发送指令mot.startJog(0,0,0):
20:09:37:047  Info  成功发送指令mot.startJog(0,0,0):
20:09:37:060  Info  成功发送指令mot.startJog(0,0,0):
20:09:37:102  Info  成功发送指令mot.startJog(0,0,0):
20:09:37:125  Info  成功发送指令mot.startJog(0,0,0):
20:09:37:140  Info  成功发送指令mot.startJog(0,0,0):
20:09:37:160  Info  成功发送指令mot.startJog(0,0,0):
20:09:37:192  Info  成功发送指令mot.startJog(0,0,0):
20:09:37:210  Info  成功发送指令mot.startJog(0,0,0):
20:09:37:240  Info  成功发送指令mot.startJog(0,0,0):
20:09:37:259  Info  成功发送指令mot.startJog(0,0,0):
20:09:37:282  Info  成功发送指令mot.startJog(0,0,0):
20:09:37:299  Info  成功发送指令mot.startJog(0,0,0):
20:09:37:320  Info  成功发送指令mot.startJog(0,0,0):
20:09:37:336  Info  成功发送指令mot.startJog(0,0,0):
20:09:37:350  Info  成功发送指令mot.startJog(0,0,0):
20:09:37:363  Info  成功发送指令mot.startJog(0,0,0):
20:09:37:380  Info  成功发送指令mot.startJog(0,0,0):
20:09:37:392  Info  成功发送指令mot.startJog(0,0,0):
20:09:37:404  Info  成功发送指令mot.startJog(0,0,0):
20:09:37:428  Info  成功发送指令mot.startJog(0,0,0):
20:09:37:455  Info  成功发送指令mot.startJog(0,0,0):
20:09:37:473  Info  成功发送指令mot.startJog(0,0,0):
20:09:37:492  Info  成功发送指令mot.startJog(0,0,0):
20:09:37:509  Info  成功发送指令mot.startJog(0,0,0):
20:09:37:542  Info  成功发送指令mot.startJog(0,0,0):
20:09:37:562  Info  成功发送指令mot.startJog(0,0,0):
20:09:37:584  Info  成功发送指令mot.startJog(0,0,0):
20:09:37:617  Info  成功发送指令mot.startJog(0,0,0):
20:09:37:636  Info  成功发送指令mot.startJog(0,0,0):
20:09:37:676  Info  成功发送指令mot.startJog(0,0,0):
20:09:37:709  Info  成功发送指令mot.startJog(0,0,0):
20:09:37:722  Info  成功发送指令mot.startJog(0,0,0):
20:09:37:736  Info  成功发送指令mot.startJog(0,0,0):
20:09:37:746  Info  成功发送指令mot.startJog(0,0,0):
20:09:37:762  Info  成功发送指令mot.startJog(0,0,0):
20:09:37:783  Info  成功发送指令mot.startJog(0,0,0):
20:09:37:796  Info  成功发送指令mot.startJog(0,0,0):
20:09:37:810  Info  成功发送指令mot.startJog(0,0,0):
20:09:37:825  Info  成功发送指令mot.startJog(0,0,0):
20:09:37:836  Info  成功发送指令mot.startJog(0,0,0):
20:09:37:855  Info  成功发送指令mot.startJog(0,0,0):
20:09:37:872  Info  成功发送指令mot.startJog(0,0,0):
20:09:37:888  Info  成功发送指令mot.startJog(0,0,0):
20:09:37:906  Info  成功发送指令mot.startJog(0,0,0):
20:09:37:924  Info  成功发送指令mot.startJog(0,0,0):
20:09:37:942  Info  成功发送指令mot.startJog(0,0,0):
20:09:37:960  Info  成功发送指令mot.startJog(0,0,0):
20:09:37:981  Info  成功发送指令mot.startJog(0,0,0):
20:09:38:039  Info  成功发送指令mot.startJog(0,0,0):
20:09:38:058  Info  成功发送指令mot.startJog(0,0,0):
20:09:38:074  Info  成功发送指令mot.startJog(0,0,0):
20:09:38:090  Info  成功发送指令mot.startJog(0,0,0):
20:09:38:099  Info  成功发送指令mot.startJog(0,0,0):
20:09:38:109  Info  成功发送指令mot.startJog(0,0,0):
20:09:38:124  Info  成功发送指令mot.startJog(0,0,0):
20:09:38:148  Info  成功发送指令mot.startJog(0,0,0):
20:09:38:157  Info  成功发送指令mot.startJog(0,0,0):
20:09:38:184  Info  成功发送指令mot.startJog(0,0,0):
20:09:38:200  Info  成功发送指令mot.startJog(0,0,0):
20:09:38:209  Info  成功发送指令mot.startJog(0,0,0):
20:09:38:222  Info  成功发送指令mot.startJog(0,0,0):
20:09:38:240  Info  成功发送指令mot.startJog(0,0,0):
20:09:38:287  Info  成功发送指令mot.startJog(0,0,0):
20:09:38:318  Info  成功发送指令mot.startJog(0,0,0):
20:09:38:328  Info  成功发送指令mot.startJog(0,0,0):
20:09:38:339  Info  成功发送指令mot.startJog(0,0,0):
20:09:38:348  Info  成功发送指令mot.startJog(0,0,0):
20:09:38:358  Info  成功发送指令mot.startJog(0,0,0):
20:09:38:370  Info  成功发送指令mot.startJog(0,0,0):
20:09:38:402  Info  成功发送指令mot.startJog(0,0,0):
20:09:38:417  Info  成功发送指令mot.startJog(0,0,0):
20:09:38:436  Info  成功发送指令mot.startJog(0,0,0):
20:09:38:452  Info  成功发送指令mot.startJog(0,0,0):
20:09:38:470  Info  成功发送指令mot.startJog(0,0,0):
20:09:38:481  Info  成功发送指令mot.startJog(0,0,0):
20:09:38:495  Info  成功发送指令mot.startJog(0,0,0):
20:09:38:537  Info  成功发送指令mot.startJog(0,0,0):
20:09:38:547  Info  成功发送指令mot.startJog(0,0,0):
20:09:38:569  Info  成功发送指令mot.startJog(0,0,0):
20:09:38:578  Info  成功发送指令mot.startJog(0,0,0):
20:09:38:587  Info  成功发送指令mot.startJog(0,0,0):
20:09:38:606  Info  成功发送指令mot.startJog(0,0,0):
20:09:38:623  Info  成功发送指令mot.startJog(0,0,0):
20:09:38:673  Info  成功发送指令mot.startJog(0,0,0):
20:09:38:692  Info  成功发送指令mot.setEstop(true):
20:09:38:702  Info  TCP断开连接成功
20:09:38:705  Error  一个封锁操作被对 WSACancelBlockingCall 的调用中断。
20:09:52:389  Info  TCP连接成功 IP:192.168.250.65
20:09:52:664  Info  成功发送指令mot.getRobTypeName(0):"HC403"
20:09:52:741  Info  成功发送指令mot.setGpEn(0,true):
20:09:52:898  Info  成功发送指令mot.setOpMode(1):
20:09:52:910  Info  成功发送指令mot.setJogVord(20):
20:09:52:946  Info  成功发送指令mot.setInchLen(10):
20:09:52:968  Info  成功发送指令mot.startJog(0,0,0):
20:09:52:986  Info  成功发送指令mot.startJog(0,0,0):
20:09:53:011  Info  成功发送指令mot.startJog(0,0,0):
20:09:53:044  Info  成功发送指令mot.startJog(0,0,0):
20:09:53:059  Info  成功发送指令mot.startJog(0,0,0):
20:09:53:076  Info  成功发送指令mot.startJog(0,0,0):
20:09:53:095  Info  成功发送指令mot.startJog(0,0,0):
20:09:53:140  Info  成功发送指令mot.startJog(0,0,0):
20:09:53:158  Info  成功发送指令mot.startJog(0,0,0):
20:09:53:200  Info  成功发送指令mot.startJog(0,0,0):
20:09:53:230  Info  成功发送指令mot.startJog(0,0,0):
20:09:53:255  Info  成功发送指令mot.startJog(0,0,0):
20:09:53:267  Info  成功发送指令mot.startJog(0,0,0):
20:09:53:278  Info  成功发送指令mot.startJog(0,0,0):
20:09:53:289  Info  成功发送指令mot.startJog(0,0,0):
20:09:53:307  Info  成功发送指令mot.startJog(0,0,0):
20:09:53:321  Info  成功发送指令mot.startJog(0,0,0):
20:09:53:342  Info  成功发送指令mot.startJog(0,0,0):
20:09:53:361  Info  成功发送指令mot.startJog(0,0,0):
20:09:53:370  Info  成功发送指令mot.startJog(0,0,0):
20:09:53:401  Info  成功发送指令mot.startJog(0,0,0):
20:09:53:412  Info  成功发送指令mot.startJog(0,0,0):
20:09:53:421  Info  成功发送指令mot.startJog(0,0,0):
20:09:53:432  Info  成功发送指令mot.startJog(0,0,0):
20:09:53:451  Info  成功发送指令mot.startJog(0,0,0):
20:09:53:469  Info  成功发送指令mot.startJog(0,0,0):
20:09:53:479  Info  成功发送指令mot.startJog(0,0,0):
20:09:53:511  Info  成功发送指令mot.startJog(0,0,0):
20:09:53:521  Info  成功发送指令mot.startJog(0,0,0):
20:09:53:529  Info  成功发送指令mot.startJog(0,0,0):
20:09:53:556  Info  成功发送指令mot.startJog(0,0,0):
20:09:53:573  Info  成功发送指令mot.startJog(0,0,0):
20:09:53:595  Info  成功发送指令mot.startJog(0,0,0):
20:09:53:611  Info  成功发送指令mot.startJog(0,0,0):
20:09:53:632  Info  成功发送指令mot.startJog(0,0,0):
20:09:53:645  Info  成功发送指令mot.startJog(0,0,0):
20:09:53:657  Info  成功发送指令mot.startJog(0,0,0):
20:09:53:670  Info  成功发送指令mot.startJog(0,0,0):
20:09:53:687  Info  成功发送指令mot.startJog(0,0,0):
20:09:53:713  Info  成功发送指令mot.startJog(0,0,0):
20:09:53:722  Info  成功发送指令mot.startJog(0,0,0):
20:09:53:743  Info  成功发送指令mot.startJog(0,0,0):
20:09:53:766  Info  成功发送指令mot.startJog(0,0,0):
20:09:53:794  Info  成功发送指令mot.startJog(0,0,0):
20:09:53:840  Info  成功发送指令mot.startJog(0,0,0):
20:09:53:880  Info  成功发送指令mot.startJog(0,0,0):
20:09:53:936  Info  成功发送指令mot.startJog(0,0,0):
20:09:53:954  Info  成功发送指令mot.startJog(0,0,0):
20:09:54:001  Info  成功发送指令mot.startJog(0,0,0):
20:09:54:022  Info  成功发送指令mot.startJog(0,0,0):
20:09:54:038  Info  成功发送指令mot.startJog(0,0,0):
20:09:54:049  Info  成功发送指令mot.startJog(0,0,0):
20:09:54:060  Info  成功发送指令mot.startJog(0,0,0):
20:09:54:081  Info  成功发送指令mot.startJog(0,0,0):
20:09:54:100  Info  成功发送指令mot.startJog(0,0,0):
20:09:54:120  Info  成功发送指令mot.startJog(0,0,0):
20:09:54:162  Info  成功发送指令mot.startJog(0,0,0):
20:09:54:178  Info  成功发送指令mot.startJog(0,0,0):
20:09:54:193  Info  成功发送指令mot.startJog(0,0,0):
20:09:54:211  Info  成功发送指令mot.startJog(0,0,0):
20:09:54:231  Info  成功发送指令mot.startJog(0,0,0):
20:09:54:258  Info  成功发送指令mot.startJog(0,0,0):
20:09:54:299  Info  成功发送指令mot.startJog(0,0,0):
20:09:54:317  Info  成功发送指令mot.startJog(0,0,0):
20:09:54:339  Info  成功发送指令mot.startJog(0,0,0):
20:09:54:360  Info  成功发送指令mot.startJog(0,0,0):
20:09:54:372  Info  成功发送指令mot.startJog(0,0,0):
20:09:54:399  Info  成功发送指令mot.startJog(0,0,0):
20:09:54:415  Info  成功发送指令mot.startJog(0,0,0):
20:09:54:455  Info  成功发送指令mot.startJog(0,0,0):
20:09:54:505  Info  成功发送指令mot.startJog(0,0,0):
20:09:54:550  Info  成功发送指令mot.startJog(0,0,0):
20:09:54:565  Info  成功发送指令mot.startJog(0,0,0):
20:09:54:578  Info  成功发送指令mot.startJog(0,0,0):
20:09:54:591  Info  成功发送指令mot.startJog(0,0,0):
20:09:54:610  Info  成功发送指令mot.startJog(0,0,0):
20:09:54:640  Info  成功发送指令mot.startJog(0,0,0):
20:09:54:663  Info  成功发送指令mot.startJog(0,0,0):
20:09:54:682  Info  成功发送指令mot.startJog(0,0,0):
20:09:54:696  Info  成功发送指令mot.startJog(0,0,0):
20:09:54:708  Info  成功发送指令mot.startJog(0,0,0):
20:09:54:718  Info  成功发送指令mot.startJog(0,0,0):
20:09:54:732  Info  成功发送指令mot.startJog(0,0,0):
20:09:54:741  Info  成功发送指令mot.startJog(0,0,0):
20:09:54:758  Info  成功发送指令mot.startJog(0,0,0):
20:09:54:776  Info  成功发送指令mot.startJog(0,0,0):
20:09:54:791  Info  成功发送指令mot.startJog(0,0,0):
20:09:54:808  Info  成功发送指令mot.startJog(0,0,0):
20:09:54:821  Info  成功发送指令mot.startJog(0,0,0):
20:09:54:838  Info  成功发送指令mot.startJog(0,0,0):
20:09:54:847  Info  成功发送指令mot.startJog(0,0,0):
20:09:54:857  Info  成功发送指令mot.startJog(0,0,0):
20:09:54:866  Info  成功发送指令mot.startJog(0,0,0):
20:09:54:881  Info  成功发送指令mot.startJog(0,0,0):
20:09:54:891  Info  成功发送指令mot.startJog(0,0,0):
20:09:54:902  Info  成功发送指令mot.startJog(0,0,0):
20:09:54:911  Info  成功发送指令mot.startJog(0,0,0):
20:09:54:922  Info  成功发送指令mot.startJog(0,0,0):
20:09:54:941  Info  成功发送指令mot.startJog(0,0,0):
20:09:54:950  Info  成功发送指令mot.startJog(0,0,0):
20:09:54:959  Info  成功发送指令mot.startJog(0,0,0):
20:09:54:973  Info  成功发送指令mot.startJog(0,0,0):
20:09:54:983  Info  成功发送指令mot.startJog(0,0,0):
20:09:54:996  Info  成功发送指令mot.startJog(0,0,0):
20:09:55:012  Info  成功发送指令mot.startJog(0,0,0):
20:09:55:037  Info  成功发送指令mot.startJog(0,0,0):
20:09:55:092  Info  成功发送指令mot.startJog(0,0,0):
20:09:55:106  Info  成功发送指令mot.startJog(0,0,0):
20:09:55:138  Info  成功发送指令mot.startJog(0,0,0):
20:09:55:155  Info  成功发送指令mot.startJog(0,0,0):
20:09:55:181  Info  成功发送指令mot.startJog(0,0,0):
20:09:55:192  Info  成功发送指令mot.startJog(0,0,0):
20:09:55:200  Info  成功发送指令mot.startJog(0,0,0):
20:09:55:209  Info  成功发送指令mot.startJog(0,0,0):
20:09:55:224  Info  成功发送指令mot.startJog(0,0,0):
20:09:55:253  Info  成功发送指令mot.startJog(0,0,0):
20:09:55:271  Info  成功发送指令mot.startJog(0,0,0):
20:09:55:283  Info  成功发送指令mot.startJog(0,0,0):
20:09:55:295  Info  成功发送指令mot.startJog(0,0,0):
20:09:55:308  Info  成功发送指令mot.startJog(0,0,0):
20:09:55:320  Info  成功发送指令mot.startJog(0,0,0):
20:09:55:334  Info  成功发送指令mot.startJog(0,0,0):
20:09:55:374  Info  成功发送指令mot.startJog(0,0,0):
20:09:55:403  Info  成功发送指令mot.startJog(0,0,0):
20:09:55:424  Info  成功发送指令mot.startJog(0,0,0):
20:09:55:440  Info  成功发送指令mot.startJog(0,0,0):
20:09:55:461  Info  成功发送指令mot.startJog(0,0,0):
20:09:55:474  Info  成功发送指令mot.startJog(0,0,0):
20:09:55:502  Info  成功发送指令mot.startJog(0,0,0):
20:09:55:524  Info  成功发送指令mot.startJog(0,0,0):
20:09:55:546  Info  成功发送指令mot.startJog(0,0,0):
20:09:55:566  Info  成功发送指令mot.startJog(0,0,0):
20:09:55:581  Info  成功发送指令mot.startJog(0,0,0):
20:09:55:602  Info  成功发送指令mot.startJog(0,0,0):
20:09:55:632  Info  成功发送指令mot.startJog(0,0,0):
20:09:55:645  Info  成功发送指令mot.startJog(0,0,0):
20:09:55:658  Info  成功发送指令mot.startJog(0,0,0):
20:09:55:668  Info  成功发送指令mot.startJog(0,0,0):
20:09:55:675  Info  成功发送指令mot.startJog(0,0,0):
20:09:55:695  Info  成功发送指令mot.startJog(0,0,0):
20:09:55:717  Info  成功发送指令mot.startJog(0,0,0):
20:09:55:760  Info  成功发送指令mot.startJog(0,0,0):
20:09:55:785  Info  成功发送指令mot.startJog(0,0,0):
20:09:55:798  Info  成功发送指令mot.startJog(0,0,0):
20:09:55:816  Info  成功发送指令mot.startJog(0,0,0):
20:09:55:844  Info  成功发送指令mot.startJog(0,0,0):
20:09:55:865  Info  成功发送指令mot.startJog(0,0,0):
20:09:55:880  Info  成功发送指令mot.startJog(0,0,0):
20:09:55:898  Info  成功发送指令mot.startJog(0,0,0):
20:09:55:914  Info  成功发送指令mot.startJog(0,0,0):
20:09:55:958  Info  成功发送指令mot.startJog(0,0,0):
20:09:55:979  Info  成功发送指令mot.startJog(0,0,0):
20:09:55:992  Info  成功发送指令mot.startJog(0,0,0):
20:09:56:004  Info  成功发送指令mot.startJog(0,0,0):
20:09:56:019  Info  成功发送指令mot.startJog(0,0,0):
20:09:56:037  Info  成功发送指令mot.startJog(0,0,0):
20:09:56:067  Info  成功发送指令mot.startJog(0,0,0):
20:09:56:104  Info  成功发送指令mot.startJog(0,0,0):
20:09:56:120  Info  成功发送指令mot.startJog(0,0,0):
20:09:56:141  Info  成功发送指令mot.startJog(0,0,0):
20:09:56:159  Info  成功发送指令mot.startJog(0,0,0):
20:09:56:177  Info  成功发送指令mot.startJog(0,0,0):
20:09:56:185  Info  成功发送指令mot.startJog(0,0,0):
20:09:56:193  Info  成功发送指令mot.startJog(0,0,0):
20:09:56:213  Info  成功发送指令mot.startJog(0,0,0):
20:09:56:222  Info  成功发送指令mot.startJog(0,0,0):
20:09:56:230  Info  成功发送指令mot.startJog(0,0,0):
20:09:56:243  Info  成功发送指令mot.startJog(0,0,0):
20:09:56:262  Info  成功发送指令mot.startJog(0,0,0):
20:09:56:271  Info  成功发送指令mot.startJog(0,0,0):
20:09:56:293  Info  成功发送指令mot.startJog(0,0,0):
20:09:56:310  Info  成功发送指令mot.startJog(0,0,0):
20:09:56:325  Info  成功发送指令mot.startJog(0,0,0):
20:09:56:346  Info  成功发送指令mot.startJog(0,0,0):
20:09:56:354  Info  成功发送指令mot.startJog(0,0,0):
20:09:56:372  Info  成功发送指令mot.startJog(0,0,0):
20:09:56:381  Info  成功发送指令mot.startJog(0,0,0):
20:09:56:401  Info  成功发送指令mot.startJog(0,0,0):
20:09:56:425  Info  成功发送指令mot.startJog(0,0,0):
20:09:56:437  Info  成功发送指令mot.startJog(0,0,0):
20:09:56:445  Info  成功发送指令mot.startJog(0,0,0):
20:09:56:454  Info  成功发送指令mot.startJog(0,0,0):
20:09:56:464  Info  成功发送指令mot.startJog(0,0,0):
20:09:56:474  Info  成功发送指令mot.startJog(0,0,0):
20:09:56:481  Info  成功发送指令mot.startJog(0,0,0):
20:09:56:501  Info  成功发送指令mot.startJog(0,0,0):
20:09:56:512  Info  成功发送指令mot.startJog(0,0,0):
20:09:56:521  Info  成功发送指令mot.startJog(0,0,0):
20:09:56:532  Info  成功发送指令mot.startJog(0,0,0):
20:09:56:548  Info  成功发送指令mot.startJog(0,0,0):
20:09:56:558  Info  成功发送指令mot.startJog(0,0,0):
20:09:56:577  Info  成功发送指令mot.startJog(0,0,0):
20:09:56:607  Info  成功发送指令mot.startJog(0,0,0):
20:09:56:628  Info  成功发送指令mot.startJog(0,0,0):
20:09:56:642  Info  成功发送指令mot.startJog(0,0,0):
20:09:56:657  Info  成功发送指令mot.startJog(0,0,0):
20:09:56:673  Info  成功发送指令mot.startJog(0,0,0):
20:09:56:696  Info  成功发送指令mot.startJog(0,0,0):
20:09:56:720  Info  成功发送指令mot.startJog(0,0,0):
20:09:56:753  Info  成功发送指令mot.startJog(0,0,0):
20:09:56:765  Info  TCP断开连接成功
20:09:56:778  Error  一个封锁操作被对 WSACancelBlockingCall 的调用中断。
20:11:39:446  Info  TCP连接成功 IP:192.168.250.65
20:11:39:822  Info  成功发送指令mot.getRobTypeName(0):"HC403"
20:11:39:921  Info  成功发送指令mot.setGpEn(0,true):
20:11:40:184  Info  成功发送指令mot.setOpMode(1):
20:11:40:194  Info  成功发送指令mot.setJogVord(20):
20:11:40:205  Info  成功发送指令mot.setInchLen(10):
20:11:40:233  Info  成功发送指令mot.startJog(0,0,0):
20:11:40:242  Info  TCP断开连接成功
20:11:40:252  Error  一个封锁操作被对 WSACancelBlockingCall 的调用中断。
20:12:41:817  Info  TCP连接成功 IP:192.168.250.65
20:12:42:096  Info  成功发送指令mot.getRobTypeName(0):"HC403"
20:12:42:121  Info  成功发送指令mot.setGpEn(0,true):
20:12:42:244  Info  成功发送指令mot.setOpMode(1):
20:12:42:263  Info  成功发送指令mot.setJogVord(20):
20:12:42:272  Info  成功发送指令mot.setInchLen(10):
20:12:42:290  Info  成功发送指令mot.startJog(0,0,0):
20:12:42:294  Info  TCP断开连接成功
20:12:42:300  Error  一个封锁操作被对 WSACancelBlockingCall 的调用中断。
20:12:46:812  Error  TCP断开连接失败
20:13:52:045  Info  TCP连接成功 IP:192.168.250.65
20:13:52:173  Info  成功发送指令mot.getRobTypeName(0):"HC403"
20:13:52:205  Info  成功发送指令mot.setGpEn(0,true):
20:13:52:445  Info  成功发送指令mot.setOpMode(1):
20:13:52:501  Info  成功发送指令mot.setJogVord(20):
20:13:52:543  Info  成功发送指令mot.setInchLen(10):
20:13:52:584  Info  成功发送指令mot.startJog(0,1,0):
20:13:52:588  Info  TCP断开连接成功
20:13:52:594  Error  一个封锁操作被对 WSACancelBlockingCall 的调用中断。
20:14:09:671  Info  TCP连接成功 IP:192.168.250.65
20:14:09:906  Info  成功发送指令mot.getRobTypeName(0):"HC403"
20:14:09:923  Info  成功发送指令mot.setGpEn(0,true):
20:14:10:232  Info  成功发送指令mot.setOpMode(1):
20:14:10:255  Info  成功发送指令mot.setJogVord(20):
20:14:10:274  Info  成功发送指令mot.setInchLen(10):
20:14:10:286  Info  成功发送指令mot.startJog(0,0,0):
20:14:10:290  Info  TCP断开连接成功
20:14:10:316  Error  一个封锁操作被对 WSACancelBlockingCall 的调用中断。
20:14:27:017  Info  TCP连接成功 IP:192.168.250.65
20:14:27:303  Info  成功发送指令mot.getRobTypeName(0):"HC403"
20:14:27:320  Info  成功发送指令mot.setGpEn(0,true):
20:14:27:617  Info  成功发送指令mot.setOpMode(1):
20:14:27:657  Info  成功发送指令mot.setJogVord(20):
20:14:27:675  Info  成功发送指令mot.setInchLen(10):
20:14:27:690  Info  成功发送指令mot.startJog(0,0,0):
20:14:27:708  Info  成功发送指令mot.startJog(0,0,0):
20:14:27:725  Info  成功发送指令mot.startJog(0,0,0):
20:14:27:773  Info  成功发送指令mot.startJog(0,0,0):
20:14:27:791  Info  成功发送指令mot.startJog(0,0,0):
20:14:27:847  Info  成功发送指令mot.startJog(0,0,0):
20:14:27:895  Info  成功发送指令mot.startJog(0,0,0):
20:14:27:919  Info  成功发送指令mot.startJog(0,0,0):
20:14:27:929  Info  成功发送指令mot.startJog(0,0,0):
20:14:27:942  Info  成功发送指令mot.startJog(0,0,0):
20:14:27:973  Info  成功发送指令mot.startJog(0,0,0):
20:14:27:989  Info  成功发送指令mot.startJog(0,0,0):
20:14:28:011  Info  成功发送指令mot.startJog(0,0,0):
20:14:28:027  Info  成功发送指令mot.startJog(0,0,0):
20:14:28:040  Info  成功发送指令mot.startJog(0,0,0):
20:14:28:059  Info  成功发送指令mot.startJog(0,0,0):
20:14:28:071  Info  成功发送指令mot.startJog(0,0,0):
20:14:28:083  Info  成功发送指令mot.startJog(0,0,0):
20:14:28:106  Info  成功发送指令mot.startJog(0,0,0):
20:14:28:119  Info  成功发送指令mot.startJog(0,0,0):
20:14:28:137  Info  成功发送指令mot.startJog(0,0,0):
20:14:28:145  Info  成功发送指令mot.startJog(0,0,0):
20:14:28:155  Info  成功发送指令mot.startJog(0,0,0):
20:14:28:167  Info  成功发送指令mot.startJog(0,0,0):
20:14:28:183  Info  成功发送指令mot.startJog(0,0,0):
20:14:28:205  Info  成功发送指令mot.startJog(0,0,0):
20:14:28:215  Info  成功发送指令mot.startJog(0,0,0):
20:14:28:225  Info  成功发送指令mot.startJog(0,0,0):
20:14:28:243  Info  成功发送指令mot.startJog(0,0,0):
20:14:28:252  Info  成功发送指令mot.startJog(0,0,0):
20:14:28:260  Info  成功发送指令mot.startJog(0,0,0):
20:14:28:270  Info  成功发送指令mot.startJog(0,0,0):
20:14:28:284  Info  成功发送指令mot.startJog(0,0,0):
20:14:28:296  Info  成功发送指令mot.startJog(0,0,0):
20:14:28:309  Info  成功发送指令mot.startJog(0,0,0):
20:14:28:320  Info  成功发送指令mot.startJog(0,0,0):
20:14:28:328  Info  成功发送指令mot.startJog(0,0,0):
20:14:28:338  Info  成功发送指令mot.startJog(0,0,0):
20:14:28:354  Info  成功发送指令mot.startJog(0,0,0):
20:14:28:380  Info  成功发送指令mot.startJog(0,0,0):
20:14:28:396  Info  成功发送指令mot.startJog(0,0,0):
20:14:28:425  Info  成功发送指令mot.startJog(0,0,0):
20:14:28:466  Info  成功发送指令mot.startJog(0,0,0):
20:14:28:491  Info  成功发送指令mot.startJog(0,0,0):
20:14:28:556  Info  成功发送指令mot.startJog(0,0,0):
20:14:28:571  Info  成功发送指令mot.startJog(0,0,0):
20:14:28:598  Info  成功发送指令mot.startJog(0,0,0):
20:14:28:606  Info  成功发送指令mot.startJog(0,0,0):
20:14:28:623  Info  成功发送指令mot.startJog(0,0,0):
20:14:28:639  Info  成功发送指令mot.startJog(0,0,0):
20:14:28:649  Info  成功发送指令mot.startJog(0,0,0):
20:14:28:670  Info  成功发送指令mot.startJog(0,0,0):
20:14:28:687  Info  成功发送指令mot.startJog(0,0,0):
20:14:28:701  Info  成功发送指令mot.startJog(0,0,0):
20:14:28:713  Info  成功发送指令mot.startJog(0,0,0):
20:14:28:729  Info  成功发送指令mot.startJog(0,0,0):
20:14:28:781  Info  成功发送指令mot.startJog(0,0,0):
20:14:28:817  Info  成功发送指令mot.startJog(0,0,0):
20:14:28:845  Info  成功发送指令mot.startJog(0,0,0):
20:14:28:862  Info  成功发送指令mot.startJog(0,0,0):
20:14:28:878  Info  成功发送指令mot.startJog(0,0,0):
20:14:28:898  Info  成功发送指令mot.startJog(0,0,0):
20:14:28:913  Info  成功发送指令mot.startJog(0,0,0):
20:14:28:935  Info  成功发送指令mot.startJog(0,0,0):
20:14:28:951  Info  成功发送指令mot.startJog(0,0,0):
20:14:28:969  Info  成功发送指令mot.startJog(0,0,0):
20:14:28:991  Info  成功发送指令mot.startJog(0,0,0):
20:14:29:021  Info  成功发送指令mot.startJog(0,0,0):
20:14:29:033  Info  成功发送指令mot.startJog(0,0,0):
20:14:29:052  Info  成功发送指令mot.startJog(0,0,0):
20:14:29:086  Info  成功发送指令mot.startJog(0,0,0):
20:14:29:095  Info  成功发送指令mot.startJog(0,0,0):
20:14:29:101  Info  成功发送指令mot.startJog(0,0,0):
20:14:29:117  Info  成功发送指令mot.startJog(0,0,0):
20:14:29:128  Info  成功发送指令mot.startJog(0,0,0):
20:14:29:140  Info  成功发送指令mot.startJog(0,0,0):
20:14:29:160  Info  成功发送指令mot.startJog(0,0,0):
20:14:29:174  Info  成功发送指令mot.startJog(0,0,0):
20:14:29:189  Info  成功发送指令mot.startJog(0,0,0):
20:14:29:201  Info  成功发送指令mot.startJog(0,0,0):
20:14:29:217  Info  成功发送指令mot.startJog(0,0,0):
20:14:29:237  Info  成功发送指令mot.startJog(0,0,0):
20:14:29:254  Info  成功发送指令mot.startJog(0,0,0):
20:14:29:272  Info  成功发送指令mot.startJog(0,0,0):
20:14:29:289  Info  成功发送指令mot.startJog(0,0,0):
20:14:29:310  Info  成功发送指令mot.startJog(0,0,0):
20:14:29:330  Info  成功发送指令mot.startJog(0,0,0):
20:14:29:350  Info  成功发送指令mot.startJog(0,0,0):
20:14:29:368  Info  成功发送指令mot.startJog(0,0,0):
20:14:29:386  Info  成功发送指令mot.startJog(0,0,0):
20:14:29:397  Info  成功发送指令mot.startJog(0,0,0):
20:14:29:406  Info  成功发送指令mot.startJog(0,0,0):
20:14:29:421  Info  成功发送指令mot.startJog(0,0,0):
20:14:29:429  Info  成功发送指令mot.startJog(0,0,0):
20:14:29:445  Info  成功发送指令mot.startJog(0,0,0):
20:14:29:461  Info  成功发送指令mot.startJog(0,0,0):
20:14:29:472  Info  成功发送指令mot.startJog(0,0,0):
20:14:29:493  Info  成功发送指令mot.startJog(0,0,0):
20:14:29:502  Info  成功发送指令mot.startJog(0,0,0):
20:14:29:511  Info  成功发送指令mot.startJog(0,0,0):
20:14:29:526  Info  成功发送指令mot.startJog(0,0,0):
20:14:29:535  Info  成功发送指令mot.startJog(0,0,0):
20:14:29:557  Info  成功发送指令mot.startJog(0,0,0):
20:14:29:568  Info  成功发送指令mot.startJog(0,0,0):
20:14:29:580  Info  成功发送指令mot.startJog(0,0,0):
20:14:29:601  Info  成功发送指令mot.startJog(0,0,0):
20:14:29:633  Info  成功发送指令mot.startJog(0,0,0):
20:14:29:661  Info  成功发送指令mot.startJog(0,0,0):
20:14:29:681  Info  成功发送指令mot.startJog(0,0,0):
20:14:29:710  Info  成功发送指令mot.startJog(0,0,0):
20:14:29:722  Info  成功发送指令mot.startJog(0,0,0):
20:14:29:730  Info  成功发送指令mot.startJog(0,0,0):
20:14:29:748  Info  成功发送指令mot.startJog(0,0,0):
20:14:29:757  Info  成功发送指令mot.startJog(0,0,0):
20:14:29:765  Info  成功发送指令mot.startJog(0,0,0):
20:14:29:777  Info  成功发送指令mot.startJog(0,0,0):
20:14:29:795  Info  成功发送指令mot.startJog(0,0,0):
20:14:29:811  Info  成功发送指令mot.startJog(0,0,0):
20:14:29:822  Info  成功发送指令mot.startJog(0,0,0):
20:14:29:831  Info  成功发送指令mot.startJog(0,0,0):
20:14:29:850  Info  成功发送指令mot.startJog(0,0,0):
20:14:29:860  Info  成功发送指令mot.startJog(0,0,0):
20:14:29:871  Info  成功发送指令mot.startJog(0,0,0):
20:14:29:892  Info  成功发送指令mot.startJog(0,0,0):
20:14:29:913  Info  成功发送指令mot.startJog(0,0,0):
20:14:29:958  Info  成功发送指令mot.startJog(0,0,0):
20:14:29:980  Info  成功发送指令mot.startJog(0,0,0):
20:14:29:991  Info  成功发送指令mot.startJog(0,0,0):
20:14:30:001  Info  成功发送指令mot.startJog(0,0,0):
20:14:30:014  Info  成功发送指令mot.startJog(0,0,0):
20:14:30:023  Info  成功发送指令mot.startJog(0,0,0):
20:14:30:032  Info  成功发送指令mot.startJog(0,0,0):
20:14:30:050  Info  成功发送指令mot.startJog(0,0,0):
20:14:30:082  Info  成功发送指令mot.startJog(0,0,0):
20:14:30:097  Info  成功发送指令mot.startJog(0,0,0):
20:14:30:121  Info  成功发送指令mot.startJog(0,0,0):
20:14:30:153  Info  成功发送指令mot.startJog(0,0,0):
20:14:30:165  Info  成功发送指令mot.startJog(0,0,0):
20:14:30:183  Info  成功发送指令mot.startJog(0,0,0):
20:14:30:200  Info  成功发送指令mot.startJog(0,0,0):
20:14:30:242  Info  成功发送指令mot.startJog(0,0,0):
20:14:30:301  Info  成功发送指令mot.startJog(0,0,0):
20:14:30:332  Info  成功发送指令mot.startJog(0,0,0):
20:14:30:355  Info  成功发送指令mot.startJog(0,0,0):
20:14:30:375  Info  成功发送指令mot.startJog(0,0,0):
20:14:30:413  Info  成功发送指令mot.startJog(0,0,0):
20:14:30:430  Info  成功发送指令mot.startJog(0,0,0):
20:14:30:444  Info  成功发送指令mot.startJog(0,0,0):
20:14:30:457  Info  成功发送指令mot.startJog(0,0,0):
20:14:30:469  Info  成功发送指令mot.startJog(0,0,0):
20:14:30:486  Info  成功发送指令mot.startJog(0,0,0):
20:14:30:501  Info  成功发送指令mot.startJog(0,0,0):
20:14:30:518  Info  成功发送指令mot.startJog(0,0,0):
20:14:30:531  Info  成功发送指令mot.startJog(0,0,0):
20:14:30:563  Info  成功发送指令mot.startJog(0,0,0):
20:14:30:572  Info  成功发送指令mot.startJog(0,0,0):
20:14:30:580  Info  成功发送指令mot.startJog(0,0,0):
20:14:30:590  Info  成功发送指令mot.startJog(0,0,0):
20:14:30:599  Info  成功发送指令mot.startJog(0,0,0):
20:14:30:609  Info  成功发送指令mot.startJog(0,0,0):
20:14:30:625  Info  成功发送指令mot.startJog(0,0,0):
20:14:30:660  Info  成功发送指令mot.startJog(0,0,0):
20:14:30:675  Info  成功发送指令mot.startJog(0,0,0):
20:14:30:685  Info  成功发送指令mot.startJog(0,0,0):
20:14:30:694  Info  成功发送指令mot.startJog(0,0,0):
20:14:30:702  Info  成功发送指令mot.startJog(0,0,0):
20:14:30:712  Info  成功发送指令mot.startJog(0,0,0):
20:14:30:721  Info  成功发送指令mot.startJog(0,0,0):
20:14:30:732  Info  成功发送指令mot.startJog(0,0,0):
20:14:30:741  Info  成功发送指令mot.startJog(0,0,0):
20:14:30:751  Info  成功发送指令mot.startJog(0,0,0):
20:14:30:767  Info  成功发送指令mot.startJog(0,0,0):
20:14:30:781  Info  成功发送指令mot.startJog(0,0,0):
20:14:30:790  Info  成功发送指令mot.startJog(0,0,0):
20:14:30:799  Info  成功发送指令mot.startJog(0,0,0):
20:14:30:807  Info  成功发送指令mot.startJog(0,0,0):
20:14:30:814  Info  成功发送指令mot.startJog(0,0,0):
20:14:30:823  Info  成功发送指令mot.startJog(0,0,0):
20:14:30:833  Info  成功发送指令mot.startJog(0,0,0):
20:14:30:851  Info  成功发送指令mot.startJog(0,0,0):
20:14:30:890  Info  成功发送指令mot.startJog(0,0,0):
20:14:30:910  Info  成功发送指令mot.startJog(0,0,0):
20:14:30:925  Info  成功发送指令mot.startJog(0,0,0):
20:14:30:942  Info  成功发送指令mot.startJog(0,0,0):
20:14:30:953  Info  成功发送指令mot.startJog(0,0,0):
20:14:30:970  Info  成功发送指令mot.startJog(0,0,0):
20:14:30:978  Info  成功发送指令mot.startJog(0,0,0):
20:14:30:987  Info  成功发送指令mot.startJog(0,0,0):
20:14:30:994  Info  成功发送指令mot.startJog(0,0,0):
20:14:31:013  Info  成功发送指令mot.startJog(0,0,0):
20:14:31:023  Info  成功发送指令mot.startJog(0,0,0):
20:14:31:057  Info  成功发送指令mot.startJog(0,0,0):
20:14:31:070  Info  成功发送指令mot.startJog(0,0,0):
20:14:31:081  Info  成功发送指令mot.startJog(0,0,0):
20:14:31:091  Info  成功发送指令mot.startJog(0,0,0):
20:14:31:112  Info  成功发送指令mot.startJog(0,0,0):
20:14:31:126  Info  成功发送指令mot.startJog(0,0,0):
20:14:31:147  Info  成功发送指令mot.startJog(0,0,0):
20:14:31:171  Info  成功发送指令mot.startJog(0,0,0):
20:14:31:193  Info  成功发送指令mot.startJog(0,0,0):
20:14:31:204  Error  一个封锁操作被对 WSACancelBlockingCall 的调用中断。
20:14:31:201  Info  TCP断开连接成功
20:14:44:193  Info  TCP连接成功 IP:192.168.250.65
20:14:44:457  Info  成功发送指令mot.getRobTypeName(0):"HC403"
20:14:44:487  Info  成功发送指令mot.setGpEn(0,true):
20:14:44:673  Info  成功发送指令mot.setOpMode(1):
20:14:44:715  Info  成功发送指令mot.setJogVord(20):
20:14:44:747  Info  成功发送指令mot.setInchLen(10):
20:14:44:770  Info  成功发送指令mot.startJog(0,0,0):
20:14:44:805  Info  成功发送指令mot.startJog(0,0,0):
20:14:44:839  Info  成功发送指令mot.startJog(0,0,0):
20:14:44:858  Info  成功发送指令mot.startJog(0,0,0):
20:14:44:869  Info  成功发送指令mot.startJog(0,0,0):
20:14:44:885  Info  成功发送指令mot.startJog(0,0,0):
20:14:44:898  Info  成功发送指令mot.startJog(0,0,0):
20:14:44:913  Info  成功发送指令mot.startJog(0,0,0):
20:14:44:933  Info  成功发送指令mot.startJog(0,0,0):
20:14:44:956  Info  成功发送指令mot.startJog(0,0,0):
20:14:45:053  Info  成功发送指令mot.startJog(0,0,0):
20:14:45:106  Info  成功发送指令mot.startJog(0,0,0):
20:14:45:144  Info  成功发送指令mot.startJog(0,0,0):
20:14:45:160  Info  成功发送指令mot.startJog(0,0,0):
20:14:45:180  Info  成功发送指令mot.startJog(0,0,0):
20:14:45:197  Info  成功发送指令mot.startJog(0,0,0):
20:14:45:216  Info  成功发送指令mot.startJog(0,0,0):
20:14:45:234  Info  成功发送指令mot.startJog(0,0,0):
20:14:45:253  Info  成功发送指令mot.startJog(0,0,0):
20:14:45:279  Info  成功发送指令mot.startJog(0,0,0):
20:14:45:303  Info  成功发送指令mot.startJog(0,0,0):
20:14:45:318  Info  成功发送指令mot.startJog(0,0,0):
20:14:45:338  Info  成功发送指令mot.startJog(0,0,0):
20:14:45:352  Info  成功发送指令mot.startJog(0,0,0):
20:14:45:378  Info  成功发送指令mot.startJog(0,0,0):
20:14:45:391  Info  成功发送指令mot.startJog(0,0,0):
20:14:45:415  Info  成功发送指令mot.startJog(0,0,0):
20:14:45:431  Info  成功发送指令mot.startJog(0,0,0):
20:14:45:440  Info  成功发送指令mot.startJog(0,0,0):
20:14:45:448  Info  成功发送指令mot.startJog(0,0,0):
20:14:45:458  Info  成功发送指令mot.startJog(0,0,0):
20:14:45:469  Info  成功发送指令mot.startJog(0,0,0):
20:14:45:477  Info  成功发送指令mot.startJog(0,0,0):
20:14:45:484  Info  成功发送指令mot.startJog(0,0,0):
20:14:45:504  Info  成功发送指令mot.startJog(0,0,0):
20:14:45:519  Info  成功发送指令mot.startJog(0,0,0):
20:14:45:528  Info  成功发送指令mot.startJog(0,0,0):
20:14:45:536  Info  成功发送指令mot.startJog(0,0,0):
20:14:45:551  Info  成功发送指令mot.startJog(0,0,0):
20:14:45:567  Info  成功发送指令mot.startJog(0,0,0):
20:14:45:595  Info  成功发送指令mot.startJog(0,0,0):
20:14:45:615  Info  成功发送指令mot.startJog(0,0,0):
20:14:45:631  Info  成功发送指令mot.startJog(0,0,0):
20:14:45:646  Info  成功发送指令mot.startJog(0,0,0):
20:14:45:655  Info  成功发送指令mot.startJog(0,0,0):
20:14:45:667  Info  成功发送指令mot.startJog(0,0,0):
20:14:45:676  Info  成功发送指令mot.startJog(0,0,0):
20:14:45:685  Info  成功发送指令mot.startJog(0,0,0):
20:14:45:695  Info  成功发送指令mot.startJog(0,0,0):
20:14:45:704  Info  成功发送指令mot.startJog(0,0,0):
20:14:45:722  Info  成功发送指令mot.startJog(0,0,0):
20:14:45:743  Info  成功发送指令mot.startJog(0,0,0):
20:14:45:756  Info  成功发送指令mot.startJog(0,0,0):
20:14:45:767  Info  成功发送指令mot.startJog(0,0,0):
20:14:45:784  Info  成功发送指令mot.startJog(0,0,0):
20:14:45:802  Info  成功发送指令mot.startJog(0,0,0):
20:14:45:814  Info  成功发送指令mot.startJog(0,0,0):
20:14:45:828  Info  成功发送指令mot.startJog(0,0,0):
20:14:45:838  Info  成功发送指令mot.startJog(0,0,0):
20:14:45:858  Info  成功发送指令mot.startJog(0,0,0):
20:14:45:869  Info  成功发送指令mot.startJog(0,0,0):
20:14:45:878  Info  成功发送指令mot.startJog(0,0,0):
20:14:45:890  Info  成功发送指令mot.startJog(0,0,0):
20:14:45:909  Info  成功发送指令mot.startJog(0,0,0):
20:14:45:929  Info  成功发送指令mot.startJog(0,0,0):
20:14:46:054  Info  成功发送指令mot.startJog(0,0,0):
20:14:46:158  Info  成功发送指令mot.startJog(0,0,0):
20:14:46:224  Info  成功发送指令mot.startJog(0,0,0):
20:14:46:244  Info  成功发送指令mot.startJog(0,0,0):
20:14:46:258  Info  成功发送指令mot.startJog(0,0,0):
20:14:46:272  Info  成功发送指令mot.startJog(0,0,0):
20:14:46:282  Info  成功发送指令mot.startJog(0,0,0):
20:14:46:300  Info  成功发送指令mot.startJog(0,0,0):
20:14:46:311  Info  成功发送指令mot.startJog(0,0,0):
20:14:46:325  Info  成功发送指令mot.startJog(0,0,0):
20:14:46:349  Info  成功发送指令mot.startJog(0,0,0):
20:14:46:371  Info  成功发送指令mot.startJog(0,0,0):
20:14:46:387  Info  成功发送指令mot.startJog(0,0,0):
20:14:46:403  Info  成功发送指令mot.startJog(0,0,0):
20:14:46:414  Info  成功发送指令mot.startJog(0,0,0):
20:14:46:423  Info  成功发送指令mot.startJog(0,0,0):
20:14:46:433  Info  成功发送指令mot.startJog(0,0,0):
20:14:46:443  Info  成功发送指令mot.startJog(0,0,0):
20:14:46:457  Info  成功发送指令mot.startJog(0,0,0):
20:14:46:476  Info  成功发送指令mot.startJog(0,0,0):
20:14:46:491  Info  成功发送指令mot.startJog(0,0,0):
20:14:46:508  Info  成功发送指令mot.startJog(0,0,0):
20:14:46:554  Info  成功发送指令mot.startJog(0,0,0):
20:14:46:596  Info  成功发送指令mot.startJog(0,0,0):
20:14:46:624  Info  成功发送指令mot.startJog(0,0,0):
20:14:46:657  Info  成功发送指令mot.startJog(0,0,0):
20:14:46:683  Info  成功发送指令mot.startJog(0,0,0):
20:14:46:737  Info  成功发送指令mot.startJog(0,0,0):
20:14:46:747  Info  成功发送指令mot.startJog(0,0,0):
20:14:46:757  Info  成功发送指令mot.startJog(0,0,0):
20:14:46:769  Info  成功发送指令mot.startJog(0,0,0):
20:14:46:777  Info  成功发送指令mot.startJog(0,0,0):
20:14:46:784  Info  成功发送指令mot.startJog(0,0,0):
20:14:46:792  Info  成功发送指令mot.startJog(0,0,0):
20:14:46:801  Info  成功发送指令mot.startJog(0,0,0):
20:14:46:809  Info  成功发送指令mot.startJog(0,0,0):
20:14:46:817  Info  成功发送指令mot.startJog(0,0,0):
20:14:46:825  Info  成功发送指令mot.startJog(0,0,0):
20:14:46:833  Info  成功发送指令mot.startJog(0,0,0):
20:14:46:841  Info  成功发送指令mot.startJog(0,0,0):
20:14:46:848  Info  成功发送指令mot.startJog(0,0,0):
20:14:46:858  Info  成功发送指令mot.startJog(0,0,0):
20:14:46:867  Info  成功发送指令mot.startJog(0,0,0):
20:14:46:875  Info  成功发送指令mot.startJog(0,0,0):
20:14:46:882  Info  成功发送指令mot.startJog(0,0,0):
20:14:46:891  Info  成功发送指令mot.startJog(0,0,0):
20:14:46:905  Info  成功发送指令mot.startJog(0,0,0):
20:14:46:920  Info  成功发送指令mot.startJog(0,0,0):
20:14:46:942  Info  成功发送指令mot.startJog(0,0,0):
20:14:46:969  Info  成功发送指令mot.startJog(0,0,0):
20:14:46:979  Info  成功发送指令mot.startJog(0,0,0):
20:14:46:988  Info  成功发送指令mot.startJog(0,0,0):
20:14:47:000  Info  成功发送指令mot.startJog(0,0,0):
20:14:47:024  Info  成功发送指令mot.startJog(0,0,0):
20:14:47:036  Info  成功发送指令mot.startJog(0,0,0):
20:14:47:055  Info  成功发送指令mot.startJog(0,0,0):
20:14:47:071  Info  成功发送指令mot.startJog(0,0,0):
20:14:47:104  Info  成功发送指令mot.startJog(0,0,0):
20:14:47:156  Info  成功发送指令mot.startJog(0,0,0):
20:14:47:180  Info  成功发送指令mot.startJog(0,0,0):
20:14:47:196  Info  成功发送指令mot.startJog(0,0,0):
20:14:47:227  Info  成功发送指令mot.startJog(0,0,0):
20:14:47:257  Info  成功发送指令mot.startJog(0,0,0):
20:14:47:292  Info  成功发送指令mot.startJog(0,0,0):
20:14:47:337  Info  成功发送指令mot.startJog(0,0,0):
20:14:47:356  Info  成功发送指令mot.startJog(0,0,0):
20:14:47:374  Info  成功发送指令mot.startJog(0,0,0):
20:14:47:383  Info  成功发送指令mot.startJog(0,0,0):
20:14:47:395  Info  成功发送指令mot.startJog(0,0,0):
20:14:47:404  Info  成功发送指令mot.startJog(0,0,0):
20:14:47:413  Info  成功发送指令mot.startJog(0,0,0):
20:14:47:422  Info  成功发送指令mot.startJog(0,0,0):
20:14:47:438  Info  成功发送指令mot.startJog(0,0,0):
20:14:47:453  Info  成功发送指令mot.startJog(0,0,0):
20:14:47:472  Info  成功发送指令mot.startJog(0,0,0):
20:14:47:484  Info  成功发送指令mot.startJog(0,0,0):
20:14:47:500  Info  成功发送指令mot.startJog(0,0,0):
20:14:47:520  Info  成功发送指令mot.startJog(0,0,0):
20:14:47:541  Info  成功发送指令mot.startJog(0,0,0):
20:14:47:575  Info  成功发送指令mot.startJog(0,0,0):
20:14:47:597  Info  成功发送指令mot.startJog(0,0,0):
20:14:47:630  Info  成功发送指令mot.startJog(0,0,0):
20:14:47:659  Info  成功发送指令mot.startJog(0,0,0):
20:14:47:682  Info  成功发送指令mot.startJog(0,0,0):
20:14:47:695  Info  成功发送指令mot.startJog(0,0,0):
20:14:47:707  Info  成功发送指令mot.startJog(0,0,0):
20:14:47:719  Info  成功发送指令mot.startJog(0,0,0):
20:14:47:730  Info  成功发送指令mot.startJog(0,0,0):
20:14:47:741  Info  成功发送指令mot.startJog(0,0,0):
20:14:47:756  Info  成功发送指令mot.startJog(0,0,0):
20:14:47:778  Info  成功发送指令mot.startJog(0,0,0):
20:14:47:817  Info  成功发送指令mot.startJog(0,0,0):
20:14:47:831  Info  成功发送指令mot.startJog(0,0,0):
20:14:47:855  Info  成功发送指令mot.startJog(0,0,0):
20:14:47:879  Info  成功发送指令mot.startJog(0,0,0):
20:14:47:896  Info  成功发送指令mot.startJog(0,0,0):
20:14:47:912  Info  成功发送指令mot.startJog(0,0,0):
20:14:47:931  Info  成功发送指令mot.startJog(0,0,0):
20:14:47:984  Info  成功发送指令mot.startJog(0,0,0):
20:14:48:002  Info  成功发送指令mot.startJog(0,0,0):
20:14:48:018  Info  成功发送指令mot.startJog(0,0,0):
20:14:48:033  Info  成功发送指令mot.startJog(0,0,0):
20:14:48:050  Info  成功发送指令mot.startJog(0,0,0):
20:14:48:060  Info  成功发送指令mot.startJog(0,0,0):
20:14:48:084  Info  成功发送指令mot.startJog(0,0,0):
20:14:48:094  Info  成功发送指令mot.startJog(0,0,0):
20:14:48:107  Info  成功发送指令mot.startJog(0,0,0):
20:14:48:124  Info  成功发送指令mot.startJog(0,0,0):
20:14:48:145  Info  成功发送指令mot.startJog(0,0,0):
20:14:48:155  Info  成功发送指令mot.startJog(0,0,0):
20:14:48:164  Info  成功发送指令mot.startJog(0,0,0):
20:14:48:173  Info  成功发送指令mot.startJog(0,0,0):
20:14:48:192  Info  成功发送指令mot.startJog(0,0,0):
20:14:48:200  Info  成功发送指令mot.startJog(0,0,0):
20:14:48:208  Info  成功发送指令mot.startJog(0,0,0):
20:14:48:217  Info  成功发送指令mot.startJog(0,0,0):
20:14:48:224  Info  成功发送指令mot.startJog(0,0,0):
20:14:48:231  Info  成功发送指令mot.startJog(0,0,0):
20:14:48:247  Info  成功发送指令mot.startJog(0,0,0):
20:14:48:256  Info  成功发送指令mot.startJog(0,0,0):
20:14:48:270  Info  成功发送指令mot.startJog(0,0,0):
20:14:48:279  Info  成功发送指令mot.startJog(0,0,0):
20:14:48:293  Info  成功发送指令mot.startJog(0,0,0):
20:14:48:302  Info  成功发送指令mot.startJog(0,0,0):
20:14:48:310  Info  成功发送指令mot.startJog(0,0,0):
20:14:48:325  Info  成功发送指令mot.startJog(0,0,0):
20:14:48:348  Info  成功发送指令mot.startJog(0,0,0):
20:14:48:367  Info  成功发送指令mot.startJog(0,0,0):
20:14:48:382  Info  成功发送指令mot.startJog(0,0,0):
20:14:48:409  Info  成功发送指令mot.startJog(0,0,0):
20:14:48:439  Info  成功发送指令mot.startJog(0,0,0):
20:14:48:463  Info  成功发送指令mot.startJog(0,0,0):
20:14:48:495  Info  成功发送指令mot.startJog(0,0,0):
20:14:48:515  Info  成功发送指令mot.startJog(0,0,0):
20:14:48:535  Info  成功发送指令mot.startJog(0,0,0):
20:14:48:551  Info  成功发送指令mot.setEstop(true):
20:14:48:555  Info  TCP断开连接成功
20:15:13:555  Info  TCP连接成功 IP:192.168.250.65
20:15:13:703  Info  成功发送指令mot.getRobTypeName(0):"HC403"
20:15:13:711  Info  成功发送指令mot.setGpEn(0,true):
20:15:13:942  Info  成功发送指令mot.setOpMode(1):
20:15:13:972  Info  成功发送指令mot.setJogVord(20):
20:15:13:987  Info  成功发送指令mot.setInchLen(10):
20:15:14:003  Info  成功发送指令mot.startJog(0,0,0):
20:15:14:006  Info  TCP断开连接成功
20:15:14:009  Error  一个封锁操作被对 WSACancelBlockingCall 的调用中断。
